[28-Nov-2025 11:31:52 Europe/Berlin] error-config initialized: PHP error logging enabled
[28-Nov-2025 11:31:52 Europe/Berlin] PHP Fatal error:  Uncaught Error: Call to undefined method AuthController::sendResetEmail() in C:\xampp\htdocs\CODECRAFT_FS_01\app\controllers\AuthController.php:367
Stack trace:
#0 C:\xampp\htdocs\CODECRAFT_FS_01\public\index.php(69): AuthController->forgotPasswordSubmit()
#1 {main}
  thrown in C:\xampp\htdocs\CODECRAFT_FS_01\app\controllers\AuthController.php on line 367
[28-Nov-2025 11:33:18 Europe/Berlin] error-config initialized: PHP error logging enabled
[28-Nov-2025 11:33:21 Europe/Berlin] error-config initialized: PHP error logging enabled
[28-Nov-2025 11:33:54 Europe/Berlin] error-config initialized: PHP error logging enabled
[28-Nov-2025 11:33:57 Europe/Berlin] error-config initialized: PHP error logging enabled
[28-Nov-2025 11:34:07 Europe/Berlin] error-config initialized: PHP error logging enabled
[28-Nov-2025 11:34:19 Europe/Berlin] error-config initialized: PHP error logging enabled
[28-Nov-2025 11:34:19 Europe/Berlin] error-config initialized: PHP error logging enabled
[28-Nov-2025 11:34:30 Europe/Berlin] error-config initialized: PHP error logging enabled
[28-Nov-2025 11:34:39 Europe/Berlin] error-config initialized: PHP error logging enabled
[28-Nov-2025 11:34:39 Europe/Berlin] error-config initialized: PHP error logging enabled
[28-Nov-2025 11:36:29 Europe/Berlin] error-config initialized: PHP error logging enabled
[28-Nov-2025 11:39:56 Europe/Berlin] error-config initialized: PHP error logging enabled
[28-Nov-2025 11:39:59 Europe/Berlin] error-config initialized: PHP error logging enabled
[28-Nov-2025 11:40:02 Europe/Berlin] error-config initialized: PHP error logging enabled
[28-Nov-2025 11:40:35 Europe/Berlin] error-config initialized: PHP error logging enabled
[28-Nov-2025 11:40:38 Europe/Berlin] error-config initialized: PHP error logging enabled
[28-Nov-2025 11:41:08 Europe/Berlin] error-config initialized: PHP error logging enabled
[28-Nov-2025 11:41:24 Europe/Berlin] error-config initialized: PHP error logging enabled
[28-Nov-2025 11:41:24 Europe/Berlin] error-config initialized: PHP error logging enabled
[28-Nov-2025 11:41:31 Europe/Berlin] error-config initialized: PHP error logging enabled
[28-Nov-2025 11:41:31 Europe/Berlin] error-config initialized: PHP error logging enabled
[28-Nov-2025 11:41:34 Europe/Berlin] error-config initialized: PHP error logging enabled
[28-Nov-2025 11:41:34 Europe/Berlin] error-config initialized: PHP error logging enabled
[28-Nov-2025 11:42:11 Europe/Berlin] error-config initialized: PHP error logging enabled
[28-Nov-2025 11:42:33 Europe/Berlin] error-config initialized: PHP error logging enabled
[28-Nov-2025 11:42:39 Europe/Berlin] error-config initialized: PHP error logging enabled
[28-Nov-2025 11:42:40 Europe/Berlin] error-config initialized: PHP error logging enabled
[28-Nov-2025 11:42:41 Europe/Berlin] error-config initialized: PHP error logging enabled
[28-Nov-2025 11:42:43 Europe/Berlin] error-config initialized: PHP error logging enabled
[28-Nov-2025 11:42:44 Europe/Berlin] error-config initialized: PHP error logging enabled
[28-Nov-2025 11:42:50 Europe/Berlin] error-config initialized: PHP error logging enabled
[28-Nov-2025 11:43:07 Europe/Berlin] error-config initialized: PHP error logging enabled
[28-Nov-2025 11:43:07 Europe/Berlin] error-config initialized: PHP error logging enabled
[28-Nov-2025 11:43:13 Europe/Berlin] error-config initialized: PHP error logging enabled
[28-Nov-2025 11:43:13 Europe/Berlin] error-config initialized: PHP error logging enabled
[28-Nov-2025 11:43:25 Europe/Berlin] error-config initialized: PHP error logging enabled
[28-Nov-2025 11:43:25 Europe/Berlin] error-config initialized: PHP error logging enabled
[28-Nov-2025 11:43:34 Europe/Berlin] error-config initialized: PHP error logging enabled
[28-Nov-2025 11:43:34 Europe/Berlin] error-config initialized: PHP error logging enabled
[28-Nov-2025 11:43:40 Europe/Berlin] error-config initialized: PHP error logging enabled
[28-Nov-2025 11:43:40 Europe/Berlin] error-config initialized: PHP error logging enabled
[28-Nov-2025 11:51:45 Europe/Berlin] error-config initialized: PHP error logging enabled
[28-Nov-2025 11:51:49 Europe/Berlin] error-config initialized: PHP error logging enabled
